This is pdfTeX, Version 3.141592653-2.6-1.40.24 (TeX Live 2022) (preloaded format=pdflatex 2022.4.11)  19 APR 2023 16:25
entering extended mode
 restricted \write18 enabled.
 %&-line parsing enabled.
**presentation.tex
(./presentation.tex
LaTeX2e <2021-11-15> patch level 1
L3 programming layer <2022-02-24> (../../../template/rwth-beamer.cls
Document Class: rwth-beamer 2014/11/22 RWTH Vorlage fuer Beamer Vortraege
(/usr/local/texlive/2022/texmf-dist/tex/latex/beamer/beamer.cls
Document Class: beamer 2022/02/08 v3.66 A class for typesetting presentations
(/usr/local/texlive/2022/texmf-dist/tex/latex/beamer/beamerbasemodes.sty
(/usr/local/texlive/2022/texmf-dist/tex/latex/etoolbox/etoolbox.sty
Package: etoolbox 2020/10/05 v2.5k e-TeX tools for LaTeX (JAW)
\etb@tempcnta=\count185
)
\beamer@tempbox=\box50
\beamer@tempcount=\count186
\c@beamerpauses=\count187

(/usr/local/texlive/2022/texmf-dist/tex/latex/beamer/beamerbasedecode.sty
\beamer@slideinframe=\count188
\beamer@minimum=\count189
\beamer@decode@box=\box51
)
\beamer@commentbox=\box52
\beamer@modecount=\count190
)
(/usr/local/texlive/2022/texmf-dist/tex/generic/iftex/iftex.sty
Package: iftex 2022/02/03 v1.0f TeX engine tests
)
\headdp=\dimen138
\footheight=\dimen139
\sidebarheight=\dimen140
\beamer@tempdim=\dimen141
\beamer@finalheight=\dimen142
\beamer@animht=\dimen143
\beamer@animdp=\dimen144
\beamer@animwd=\dimen145
\beamer@leftmargin=\dimen146
\beamer@rightmargin=\dimen147
\beamer@leftsidebar=\dimen148
\beamer@rightsidebar=\dimen149
\beamer@boxsize=\dimen150
\beamer@vboxoffset=\dimen151
\beamer@descdefault=\dimen152
\beamer@descriptionwidth=\dimen153
\beamer@lastskip=\skip47
\beamer@areabox=\box53
\beamer@animcurrent=\box54
\beamer@animshowbox=\box55
\beamer@sectionbox=\box56
\beamer@logobox=\box57
\beamer@linebox=\box58
\beamer@sectioncount=\count191
\beamer@subsubsectionmax=\count192
\beamer@subsectionmax=\count193
\beamer@sectionmax=\count194
\beamer@totalheads=\count195
\beamer@headcounter=\count196
\beamer@partstartpage=\count197
\beamer@sectionstartpage=\count198
\beamer@subsectionstartpage=\count199
\beamer@animationtempa=\count266
\beamer@animationtempb=\count267
\beamer@xpos=\count268
\beamer@ypos=\count269
\beamer@ypos@offset=\count270
\beamer@showpartnumber=\count271
\beamer@currentsubsection=\count272
\beamer@coveringdepth=\count273
\beamer@sectionadjust=\count274
\beamer@toclastsection=\count275
\beamer@tocsectionnumber=\count276

(/usr/local/texlive/2022/texmf-dist/tex/latex/beamer/beamerbaseoptions.sty
(/usr/local/texlive/2022/texmf-dist/tex/latex/graphics/keyval.sty
Package: keyval 2014/10/28 v1.15 key=value parser (DPC)
\KV@toks@=\toks16
))
\beamer@paperwidth=\skip48
\beamer@paperheight=\skip49

(/usr/local/texlive/2022/texmf-dist/tex/latex/geometry/geometry.sty
Package: geometry 2020/01/02 v5.9 Page Geometry

(/usr/local/texlive/2022/texmf-dist/tex/generic/iftex/ifvtex.sty
Package: ifvtex 2019/10/25 v1.7 ifvtex legacy package. Use iftex instead.
)
\Gm@cnth=\count277
\Gm@cntv=\count278
\c@Gm@tempcnt=\count279
\Gm@bindingoffset=\dimen154
\Gm@wd@mp=\dimen155
\Gm@odd@mp=\dimen156
\Gm@even@mp=\dimen157
\Gm@layoutwidth=\dimen158
\Gm@layoutheight=\dimen159
\Gm@layouthoffset=\dimen160
\Gm@layoutvoffset=\dimen161
\Gm@dimlist=\toks17
)
(/usr/local/texlive/2022/texmf-dist/tex/latex/pgf/math/pgfmath.sty
(/usr/local/texlive/2022/texmf-dist/tex/latex/pgf/utilities/pgfrcs.sty
(/usr/local/texlive/2022/texmf-dist/tex/generic/pgf/utilities/pgfutil-common.te
x
\pgfutil@everybye=\toks18
\pgfutil@tempdima=\dimen162
\pgfutil@tempdimb=\dimen163

(/usr/local/texlive/2022/texmf-dist/tex/generic/pgf/utilities/pgfutil-common-li
sts.tex))
(/usr/local/texlive/2022/texmf-dist/tex/generic/pgf/utilities/pgfutil-latex.def
\pgfutil@abb=\box59
) (/usr/local/texlive/2022/texmf-dist/tex/generic/pgf/utilities/pgfrcs.code.tex
(/usr/local/texlive/2022/texmf-dist/tex/generic/pgf/pgf.revision.tex)
Package: pgfrcs 2021/05/15 v3.1.9a (3.1.9a)
))
(/usr/local/texlive/2022/texmf-dist/tex/latex/pgf/utilities/pgfkeys.sty
(/usr/local/texlive/2022/texmf-dist/tex/generic/pgf/utilities/pgfkeys.code.tex
\pgfkeys@pathtoks=\toks19
\pgfkeys@temptoks=\toks20

(/usr/local/texlive/2022/texmf-dist/tex/generic/pgf/utilities/pgfkeysfiltered.c
ode.tex
\pgfkeys@tmptoks=\toks21
)))
(/usr/local/texlive/2022/texmf-dist/tex/generic/pgf/math/pgfmath.code.tex
(/usr/local/texlive/2022/texmf-dist/tex/generic/pgf/math/pgfmathcalc.code.tex
(/usr/local/texlive/2022/texmf-dist/tex/generic/pgf/math/pgfmathutil.code.tex
\pgf@x=\dimen164
\pgf@xa=\dimen165
\pgf@xb=\dimen166
\pgf@xc=\dimen167
\pgf@y=\dimen168
\pgf@ya=\dimen169
\pgf@yb=\dimen170
\pgf@yc=\dimen171
\c@pgf@counta=\count280
\c@pgf@countb=\count281
\c@pgf@countc=\count282
\c@pgf@countd=\count283
)
(/usr/local/texlive/2022/texmf-dist/tex/generic/pgf/math/pgfmathparser.code.tex
\pgfmath@dimen=\dimen172
\pgfmath@count=\count284
\pgfmath@box=\box60
\pgfmath@toks=\toks22
\pgfmath@stack@operand=\toks23
\pgfmath@stack@operation=\toks24
)
(/usr/local/texlive/2022/texmf-dist/tex/generic/pgf/math/pgfmathfunctions.code.
tex
(/usr/local/texlive/2022/texmf-dist/tex/generic/pgf/math/pgfmathfunctions.basic
.code.tex)
(/usr/local/texlive/2022/texmf-dist/tex/generic/pgf/math/pgfmathfunctions.trigo
nometric.code.tex)
(/usr/local/texlive/2022/texmf-dist/tex/generic/pgf/math/pgfmathfunctions.rando
m.code.tex)
(/usr/local/texlive/2022/texmf-dist/tex/generic/pgf/math/pgfmathfunctions.compa
rison.code.tex)
(/usr/local/texlive/2022/texmf-dist/tex/generic/pgf/math/pgfmathfunctions.base.
code.tex)
(/usr/local/texlive/2022/texmf-dist/tex/generic/pgf/math/pgfmathfunctions.round
.code.tex)
(/usr/local/texlive/2022/texmf-dist/tex/generic/pgf/math/pgfmathfunctions.misc.
code.tex)
(/usr/local/texlive/2022/texmf-dist/tex/generic/pgf/math/pgfmathfunctions.integ
erarithmetics.code.tex)))
(/usr/local/texlive/2022/texmf-dist/tex/generic/pgf/math/pgfmathfloat.code.tex
\c@pgfmathroundto@lastzeros=\count285
))) (/usr/local/texlive/2022/texmf-dist/tex/latex/base/size11.clo
File: size11.clo 2021/10/04 v1.4n Standard LaTeX file (size option)
)
(/usr/local/texlive/2022/texmf-dist/tex/latex/pgf/basiclayer/pgfcore.sty
(/usr/local/texlive/2022/texmf-dist/tex/latex/graphics/graphicx.sty
Package: graphicx 2021/09/16 v1.2d Enhanced LaTeX Graphics (DPC,SPQR)

(/usr/local/texlive/2022/texmf-dist/tex/latex/graphics/graphics.sty
Package: graphics 2021/03/04 v1.4d Standard LaTeX Graphics (DPC,SPQR)

(/usr/local/texlive/2022/texmf-dist/tex/latex/graphics/trig.sty
Package: trig 2021/08/11 v1.11 sin cos tan (DPC)
)
(/usr/local/texlive/2022/texmf-dist/tex/latex/graphics-cfg/graphics.cfg
File: graphics.cfg 2016/06/04 v1.11 sample graphics configuration
)
Package graphics Info: Driver file: pdftex.def on input line 107.

(/usr/local/texlive/2022/texmf-dist/tex/latex/graphics-def/pdftex.def
File: pdftex.def 2020/10/05 v1.2a Graphics/color driver for pdftex
))
\Gin@req@height=\dimen173
\Gin@req@width=\dimen174
)
(/usr/local/texlive/2022/texmf-dist/tex/latex/pgf/systemlayer/pgfsys.sty
(/usr/local/texlive/2022/texmf-dist/tex/generic/pgf/systemlayer/pgfsys.code.tex
Package: pgfsys 2021/05/15 v3.1.9a (3.1.9a)
(/usr/local/texlive/2022/texmf-dist/tex/generic/pgf/utilities/pgfkeys.code.tex)
\pgf@x=\dimen175
\pgf@y=\dimen176
\pgf@xa=\dimen177
\pgf@ya=\dimen178
\pgf@xb=\dimen179
\pgf@yb=\dimen180
\pgf@xc=\dimen181
\pgf@yc=\dimen182
\pgf@xd=\dimen183
\pgf@yd=\dimen184
\w@pgf@writea=\write3
\r@pgf@reada=\read2
\c@pgf@counta=\count286
\c@pgf@countb=\count287
\c@pgf@countc=\count288
\c@pgf@countd=\count289
\t@pgf@toka=\toks25
\t@pgf@tokb=\toks26
\t@pgf@tokc=\toks27
\pgf@sys@id@count=\count290
(/usr/local/texlive/2022/texmf-dist/tex/generic/pgf/systemlayer/pgf.cfg
File: pgf.cfg 2021/05/15 v3.1.9a (3.1.9a)
)
Driver file for pgf: pgfsys-pdftex.def

(/usr/local/texlive/2022/texmf-dist/tex/generic/pgf/systemlayer/pgfsys-pdftex.d
ef
File: pgfsys-pdftex.def 2021/05/15 v3.1.9a (3.1.9a)

(/usr/local/texlive/2022/texmf-dist/tex/generic/pgf/systemlayer/pgfsys-common-p
df.def
File: pgfsys-common-pdf.def 2021/05/15 v3.1.9a (3.1.9a)
)))
(/usr/local/texlive/2022/texmf-dist/tex/generic/pgf/systemlayer/pgfsyssoftpath.
code.tex
File: pgfsyssoftpath.code.tex 2021/05/15 v3.1.9a (3.1.9a)
\pgfsyssoftpath@smallbuffer@items=\count291
\pgfsyssoftpath@bigbuffer@items=\count292
)
(/usr/local/texlive/2022/texmf-dist/tex/generic/pgf/systemlayer/pgfsysprotocol.
code.tex
File: pgfsysprotocol.code.tex 2021/05/15 v3.1.9a (3.1.9a)
)) (/usr/local/texlive/2022/texmf-dist/tex/latex/xcolor/xcolor.sty
Package: xcolor 2021/10/31 v2.13 LaTeX color extensions (UK)

(/usr/local/texlive/2022/texmf-dist/tex/latex/graphics-cfg/color.cfg
File: color.cfg 2016/01/02 v1.6 sample color configuration
)
Package xcolor Info: Driver file: pdftex.def on input line 227.

(/usr/local/texlive/2022/texmf-dist/tex/latex/colortbl/colortbl.sty
Package: colortbl 2020/01/04 v1.0e Color table columns (DPC)

(/usr/local/texlive/2022/texmf-dist/tex/latex/tools/array.sty
Package: array 2021/10/04 v2.5f Tabular extension package (FMi)
\col@sep=\dimen185
\ar@mcellbox=\box61
\extrarowheight=\dimen186
\NC@list=\toks28
\extratabsurround=\skip50
\backup@length=\skip51
\ar@cellbox=\box62
)
\everycr=\toks29
\minrowclearance=\skip52
)
\rownum=\count293
Package xcolor Info: Model `cmy' substituted by `cmy0' on input line 1352.
Package xcolor Info: Model `hsb' substituted by `rgb' on input line 1356.
Package xcolor Info: Model `RGB' extended on input line 1368.
Package xcolor Info: Model `HTML' substituted by `rgb' on input line 1370.
Package xcolor Info: Model `Hsb' substituted by `hsb' on input line 1371.
Package xcolor Info: Model `tHsb' substituted by `hsb' on input line 1372.
Package xcolor Info: Model `HSB' substituted by `hsb' on input line 1373.
Package xcolor Info: Model `Gray' substituted by `gray' on input line 1374.
Package xcolor Info: Model `wave' substituted by `hsb' on input line 1375.
)
(/usr/local/texlive/2022/texmf-dist/tex/generic/pgf/basiclayer/pgfcore.code.tex
Package: pgfcore 2021/05/15 v3.1.9a (3.1.9a)
(/usr/local/texlive/2022/texmf-dist/tex/generic/pgf/math/pgfmath.code.tex)
(/usr/local/texlive/2022/texmf-dist/tex/generic/pgf/math/pgfint.code.tex)
(/usr/local/texlive/2022/texmf-dist/tex/generic/pgf/basiclayer/pgfcorepoints.co
de.tex
File: pgfcorepoints.code.tex 2021/05/15 v3.1.9a (3.1.9a)
\pgf@picminx=\dimen187
\pgf@picmaxx=\dimen188
\pgf@picminy=\dimen189
\pgf@picmaxy=\dimen190
\pgf@pathminx=\dimen191
\pgf@pathmaxx=\dimen192
\pgf@pathminy=\dimen193
\pgf@pathmaxy=\dimen194
\pgf@xx=\dimen195
\pgf@xy=\dimen196
\pgf@yx=\dimen197
\pgf@yy=\dimen198
\pgf@zx=\dimen199
\pgf@zy=\dimen256
)
(/usr/local/texlive/2022/texmf-dist/tex/generic/pgf/basiclayer/pgfcorepathconst
ruct.code.tex
File: pgfcorepathconstruct.code.tex 2021/05/15 v3.1.9a (3.1.9a)
\pgf@path@lastx=\dimen257
\pgf@path@lasty=\dimen258
)
(/usr/local/texlive/2022/texmf-dist/tex/generic/pgf/basiclayer/pgfcorepathusage
.code.tex
File: pgfcorepathusage.code.tex 2021/05/15 v3.1.9a (3.1.9a)
\pgf@shorten@end@additional=\dimen259
\pgf@shorten@start@additional=\dimen260
)
(/usr/local/texlive/2022/texmf-dist/tex/generic/pgf/basiclayer/pgfcorescopes.co
de.tex
File: pgfcorescopes.code.tex 2021/05/15 v3.1.9a (3.1.9a)
\pgfpic=\box63
\pgf@hbox=\box64
\pgf@layerbox@main=\box65
\pgf@picture@serial@count=\count294
)
(/usr/local/texlive/2022/texmf-dist/tex/generic/pgf/basiclayer/pgfcoregraphicst
ate.code.tex
File: pgfcoregraphicstate.code.tex 2021/05/15 v3.1.9a (3.1.9a)
\pgflinewidth=\dimen261
)
(/usr/local/texlive/2022/texmf-dist/tex/generic/pgf/basiclayer/pgfcoretransform
ations.code.tex
File: pgfcoretransformations.code.tex 2021/05/15 v3.1.9a (3.1.9a)
\pgf@pt@x=\dimen262
\pgf@pt@y=\dimen263
\pgf@pt@temp=\dimen264
)
(/usr/local/texlive/2022/texmf-dist/tex/generic/pgf/basiclayer/pgfcorequick.cod
e.tex
File: pgfcorequick.code.tex 2021/05/15 v3.1.9a (3.1.9a)
)
(/usr/local/texlive/2022/texmf-dist/tex/generic/pgf/basiclayer/pgfcoreobjects.c
ode.tex
File: pgfcoreobjects.code.tex 2021/05/15 v3.1.9a (3.1.9a)
)
(/usr/local/texlive/2022/texmf-dist/tex/generic/pgf/basiclayer/pgfcorepathproce
ssing.code.tex
File: pgfcorepathprocessing.code.tex 2021/05/15 v3.1.9a (3.1.9a)
)
(/usr/local/texlive/2022/texmf-dist/tex/generic/pgf/basiclayer/pgfcorearrows.co
de.tex
File: pgfcorearrows.code.tex 2021/05/15 v3.1.9a (3.1.9a)
\pgfarrowsep=\dimen265
)
(/usr/local/texlive/2022/texmf-dist/tex/generic/pgf/basiclayer/pgfcoreshade.cod
e.tex
File: pgfcoreshade.code.tex 2021/05/15 v3.1.9a (3.1.9a)
\pgf@max=\dimen266
\pgf@sys@shading@range@num=\count295
\pgf@shadingcount=\count296
)
(/usr/local/texlive/2022/texmf-dist/tex/generic/pgf/basiclayer/pgfcoreimage.cod
e.tex
File: pgfcoreimage.code.tex 2021/05/15 v3.1.9a (3.1.9a)

(/usr/local/texlive/2022/texmf-dist/tex/generic/pgf/basiclayer/pgfcoreexternal.
code.tex
File: pgfcoreexternal.code.tex 2021/05/15 v3.1.9a (3.1.9a)
\pgfexternal@startupbox=\box66
))
(/usr/local/texlive/2022/texmf-dist/tex/generic/pgf/basiclayer/pgfcorelayers.co
de.tex
File: pgfcorelayers.code.tex 2021/05/15 v3.1.9a (3.1.9a)
)
(/usr/local/texlive/2022/texmf-dist/tex/generic/pgf/basiclayer/pgfcoretranspare
ncy.code.tex
File: pgfcoretransparency.code.tex 2021/05/15 v3.1.9a (3.1.9a)
)
(/usr/local/texlive/2022/texmf-dist/tex/generic/pgf/basiclayer/pgfcorepatterns.
code.tex
File: pgfcorepatterns.code.tex 2021/05/15 v3.1.9a (3.1.9a)
)
(/usr/local/texlive/2022/texmf-dist/tex/generic/pgf/basiclayer/pgfcorerdf.code.
tex
File: pgfcorerdf.code.tex 2021/05/15 v3.1.9a (3.1.9a)
))) (/usr/local/texlive/2022/texmf-dist/tex/latex/pgf/utilities/xxcolor.sty
Package: xxcolor 2003/10/24 ver 0.1
\XC@nummixins=\count297
\XC@countmixins=\count298
) (/usr/local/texlive/2022/texmf-dist/tex/latex/base/atbegshi-ltx.sty
Package: atbegshi-ltx 2021/01/10 v1.0c Emulation of the original atbegshi
package with kernel methods
)
(/usr/local/texlive/2022/texmf-dist/tex/latex/hyperref/hyperref.sty
Package: hyperref 2022-02-21 v7.00n Hypertext links for LaTeX

(/usr/local/texlive/2022/texmf-dist/tex/generic/ltxcmds/ltxcmds.sty
Package: ltxcmds 2020-05-10 v1.25 LaTeX kernel commands for general use (HO)
)
(/usr/local/texlive/2022/texmf-dist/tex/generic/pdftexcmds/pdftexcmds.sty
Package: pdftexcmds 2020-06-27 v0.33 Utility functions of pdfTeX for LuaTeX (HO
)

(/usr/local/texlive/2022/texmf-dist/tex/generic/infwarerr/infwarerr.sty
Package: infwarerr 2019/12/03 v1.5 Providing info/warning/error messages (HO)
)
Package pdftexcmds Info: \pdf@primitive is available.
Package pdftexcmds Info: \pdf@ifprimitive is available.
Package pdftexcmds Info: \pdfdraftmode found.
)
(/usr/local/texlive/2022/texmf-dist/tex/generic/kvsetkeys/kvsetkeys.sty
Package: kvsetkeys 2019/12/15 v1.18 Key value parser (HO)
)
(/usr/local/texlive/2022/texmf-dist/tex/generic/kvdefinekeys/kvdefinekeys.sty
Package: kvdefinekeys 2019-12-19 v1.6 Define keys (HO)
)
(/usr/local/texlive/2022/texmf-dist/tex/generic/pdfescape/pdfescape.sty
Package: pdfescape 2019/12/09 v1.15 Implements pdfTeX's escape features (HO)
)
(/usr/local/texlive/2022/texmf-dist/tex/latex/hycolor/hycolor.sty
Package: hycolor 2020-01-27 v1.10 Color options for hyperref/bookmark (HO)
)
(/usr/local/texlive/2022/texmf-dist/tex/latex/letltxmacro/letltxmacro.sty
Package: letltxmacro 2019/12/03 v1.6 Let assignment for LaTeX macros (HO)
)
(/usr/local/texlive/2022/texmf-dist/tex/latex/auxhook/auxhook.sty
Package: auxhook 2019-12-17 v1.6 Hooks for auxiliary files (HO)
)
(/usr/local/texlive/2022/texmf-dist/tex/latex/kvoptions/kvoptions.sty
Package: kvoptions 2020-10-07 v3.14 Key value format for package options (HO)
)
\@linkdim=\dimen267
\Hy@linkcounter=\count299
\Hy@pagecounter=\count300

(/usr/local/texlive/2022/texmf-dist/tex/latex/hyperref/pd1enc.def
File: pd1enc.def 2022-02-21 v7.00n Hyperref: PDFDocEncoding definition (HO)
Now handling font encoding PD1 ...
... no UTF-8 mapping file for font encoding PD1
)
(/usr/local/texlive/2022/texmf-dist/tex/generic/intcalc/intcalc.sty
Package: intcalc 2019/12/15 v1.3 Expandable calculations with integers (HO)
)
(/usr/local/texlive/2022/texmf-dist/tex/generic/etexcmds/etexcmds.sty
Package: etexcmds 2019/12/15 v1.7 Avoid name clashes with e-TeX commands (HO)
)
\Hy@SavedSpaceFactor=\count301

(/usr/local/texlive/2022/texmf-dist/tex/latex/hyperref/puenc.def
File: puenc.def 2022-02-21 v7.00n Hyperref: PDF Unicode definition (HO)
Now handling font encoding PU ...
... no UTF-8 mapping file for font encoding PU
)
Package hyperref Info: Option `bookmarks' set `true' on input line 4018.
Package hyperref Info: Option `bookmarksopen' set `true' on input line 4018.
Package hyperref Info: Option `implicit' set `false' on input line 4018.
Package hyperref Info: Hyper figures OFF on input line 4137.
Package hyperref Info: Link nesting OFF on input line 4142.
Package hyperref Info: Hyper index ON on input line 4145.
Package hyperref Info: Plain pages OFF on input line 4152.
Package hyperref Info: Backreferencing OFF on input line 4157.
Package hyperref Info: Implicit mode OFF; no redefinition of LaTeX internals.
Package hyperref Info: Bookmarks ON on input line 4390.
\c@Hy@tempcnt=\count302

(/usr/local/texlive/2022/texmf-dist/tex/latex/url/url.sty
\Urlmuskip=\muskip16
Package: url 2013/09/16  ver 3.4  Verb mode for urls, etc.
)
LaTeX Info: Redefining \url on input line 4749.
\XeTeXLinkMargin=\dimen268

(/usr/local/texlive/2022/texmf-dist/tex/generic/bitset/bitset.sty
Package: bitset 2019/12/09 v1.3 Handle bit-vector datatype (HO)

(/usr/local/texlive/2022/texmf-dist/tex/generic/bigintcalc/bigintcalc.sty
Package: bigintcalc 2019/12/15 v1.5 Expandable calculations on big integers (HO
)
))
\Fld@menulength=\count303
\Field@Width=\dimen269
\Fld@charsize=\dimen270
Package hyperref Info: Hyper figures OFF on input line 6027.
Package hyperref Info: Link nesting OFF on input line 6032.
Package hyperref Info: Hyper index ON on input line 6035.
Package hyperref Info: backreferencing OFF on input line 6042.
Package hyperref Info: Link coloring OFF on input line 6047.
Package hyperref Info: Link coloring with OCG OFF on input line 6052.
Package hyperref Info: PDF/A mode OFF on input line 6057.
LaTeX Info: Redefining \ref on input line 6097.
LaTeX Info: Redefining \pageref on input line 6101.
\Hy@abspage=\count304


Package hyperref Message: Stopped early.

)
Package hyperref Info: Driver (autodetected): hpdftex.
 (/usr/local/texlive/2022/texmf-dist/tex/latex/hyperref/hpdftex.def
File: hpdftex.def 2022-02-21 v7.00n Hyperref driver for pdfTeX

(/usr/local/texlive/2022/texmf-dist/tex/latex/base/atveryend-ltx.sty
Package: atveryend-ltx 2020/08/19 v1.0a Emulation of the original atveryend pac
kage
with kernel methods
)
\Fld@listcount=\count305
\c@bookmark@seq@number=\count306

(/usr/local/texlive/2022/texmf-dist/tex/latex/rerunfilecheck/rerunfilecheck.sty
Package: rerunfilecheck 2019/12/05 v1.9 Rerun checks for auxiliary files (HO)

(/usr/local/texlive/2022/texmf-dist/tex/generic/uniquecounter/uniquecounter.sty
Package: uniquecounter 2019/12/15 v1.4 Provide unlimited unique counter (HO)
)
Package uniquecounter Info: New unique counter `rerunfilecheck' on input line 2
86.
)) (/usr/local/texlive/2022/texmf-dist/tex/latex/beamer/beamerbaserequires.sty
(/usr/local/texlive/2022/texmf-dist/tex/latex/beamer/beamerbasecompatibility.st
y) (/usr/local/texlive/2022/texmf-dist/tex/latex/beamer/beamerbasefont.sty
(/usr/local/texlive/2022/texmf-dist/tex/latex/amsfonts/amssymb.sty
Package: amssymb 2013/01/14 v3.01 AMS font symbols

(/usr/local/texlive/2022/texmf-dist/tex/latex/amsfonts/amsfonts.sty
Package: amsfonts 2013/01/14 v3.01 Basic AMSFonts support
\@emptytoks=\toks30
\symAMSa=\mathgroup4
\symAMSb=\mathgroup5
LaTeX Font Info:    Redeclaring math symbol \hbar on input line 98.
LaTeX Font Info:    Overwriting math alphabet `\mathfrak' in version `bold'
(Font)                  U/euf/m/n --> U/euf/b/n on input line 106.
))
(/usr/local/texlive/2022/texmf-dist/tex/latex/sansmathaccent/sansmathaccent.sty
Package: sansmathaccent 2020/01/31
(/usr/local/texlive/2022/texmf-dist/tex/latex/koma-script/scrlfile.sty
Package: scrlfile 2021/11/13 v3.35 KOMA-Script package (file load hooks)

(/usr/local/texlive/2022/texmf-dist/tex/latex/koma-script/scrlfile-hook.sty
Package: scrlfile-hook 2021/11/13 v3.35 KOMA-Script package (using LaTeX hooks)


(/usr/local/texlive/2022/texmf-dist/tex/latex/koma-script/scrlogo.sty
Package: scrlogo 2021/11/13 v3.35 KOMA-Script package (logo)
)))))
(/usr/local/texlive/2022/texmf-dist/tex/latex/beamer/beamerbasetranslator.sty
(/usr/local/texlive/2022/texmf-dist/tex/latex/translator/translator.sty
Package: translator 2021-05-31 v1.12d Easy translation of strings in LaTeX
))
(/usr/local/texlive/2022/texmf-dist/tex/latex/beamer/beamerbasemisc.sty)
(/usr/local/texlive/2022/texmf-dist/tex/latex/beamer/beamerbasetwoscreens.sty)
(/usr/local/texlive/2022/texmf-dist/tex/latex/beamer/beamerbaseoverlay.sty
\beamer@argscount=\count307
\beamer@lastskipcover=\skip53
\beamer@trivlistdepth=\count308
)
(/usr/local/texlive/2022/texmf-dist/tex/latex/beamer/beamerbasetitle.sty)
(/usr/local/texlive/2022/texmf-dist/tex/latex/beamer/beamerbasesection.sty
\c@lecture=\count309
\c@part=\count310
\c@section=\count311
\c@subsection=\count312
\c@subsubsection=\count313
)
(/usr/local/texlive/2022/texmf-dist/tex/latex/beamer/beamerbaseframe.sty
\beamer@framebox=\box67
\beamer@frametitlebox=\box68
\beamer@zoombox=\box69
\beamer@zoomcount=\count314
\beamer@zoomframecount=\count315
\beamer@frametextheight=\dimen271
\c@subsectionslide=\count316
\beamer@frametopskip=\skip54
\beamer@framebottomskip=\skip55
\beamer@frametopskipautobreak=\skip56
\beamer@framebottomskipautobreak=\skip57
\beamer@envbody=\toks31
\framewidth=\dimen272
\c@framenumber=\count317
)
(/usr/local/texlive/2022/texmf-dist/tex/latex/beamer/beamerbaseverbatim.sty
\beamer@verbatimfileout=\write4
)
(/usr/local/texlive/2022/texmf-dist/tex/latex/beamer/beamerbaseframesize.sty
\beamer@splitbox=\box70
\beamer@autobreakcount=\count318
\beamer@autobreaklastheight=\dimen273
\beamer@frametitletoks=\toks32
\beamer@framesubtitletoks=\toks33
)
(/usr/local/texlive/2022/texmf-dist/tex/latex/beamer/beamerbaseframecomponents.
sty
\beamer@footins=\box71
) (/usr/local/texlive/2022/texmf-dist/tex/latex/beamer/beamerbasecolor.sty)
(/usr/local/texlive/2022/texmf-dist/tex/latex/beamer/beamerbasenotes.sty
\beamer@frameboxcopy=\box72
)
(/usr/local/texlive/2022/texmf-dist/tex/latex/beamer/beamerbasetoc.sty)
(/usr/local/texlive/2022/texmf-dist/tex/latex/beamer/beamerbasetemplates.sty
\beamer@sbttoks=\toks34

(/usr/local/texlive/2022/texmf-dist/tex/latex/beamer/beamerbaseauxtemplates.sty
(/usr/local/texlive/2022/texmf-dist/tex/latex/beamer/beamerbaseboxes.sty
\bmb@box=\box73
\bmb@colorbox=\box74
\bmb@boxwidth=\dimen274
\bmb@boxheight=\dimen275
\bmb@prevheight=\dimen276
\bmb@temp=\dimen277
\bmb@dima=\dimen278
\bmb@dimb=\dimen279
\bmb@prevheight=\dimen280
)
\beamer@blockheadheight=\dimen281
))
(/usr/local/texlive/2022/texmf-dist/tex/latex/beamer/beamerbaselocalstructure.s
ty (/usr/local/texlive/2022/texmf-dist/tex/latex/tools/enumerate.sty
Package: enumerate 2015/07/23 v3.00 enumerate extensions (DPC)
\@enLab=\toks35
)
\beamer@bibiconwidth=\skip58
\c@figure=\count319
\c@table=\count320
\abovecaptionskip=\skip59
\belowcaptionskip=\skip60
)
(/usr/local/texlive/2022/texmf-dist/tex/latex/beamer/beamerbasenavigation.sty
\beamer@section@min@dim=\dimen282
)
(/usr/local/texlive/2022/texmf-dist/tex/latex/beamer/beamerbasetheorems.sty
(/usr/local/texlive/2022/texmf-dist/tex/latex/amsmath/amsmath.sty
Package: amsmath 2021/10/15 v2.17l AMS math features
\@mathmargin=\skip61

For additional information on amsmath, use the `?' option.
(/usr/local/texlive/2022/texmf-dist/tex/latex/amsmath/amstext.sty
Package: amstext 2021/08/26 v2.01 AMS text

(/usr/local/texlive/2022/texmf-dist/tex/latex/amsmath/amsgen.sty
File: amsgen.sty 1999/11/30 v2.0 generic functions
\@emptytoks=\toks36
\ex@=\dimen283
))
(/usr/local/texlive/2022/texmf-dist/tex/latex/amsmath/amsbsy.sty
Package: amsbsy 1999/11/29 v1.2d Bold Symbols
\pmbraise@=\dimen284
)
(/usr/local/texlive/2022/texmf-dist/tex/latex/amsmath/amsopn.sty
Package: amsopn 2021/08/26 v2.02 operator names
)
\inf@bad=\count321
LaTeX Info: Redefining \frac on input line 234.
\uproot@=\count322
\leftroot@=\count323
LaTeX Info: Redefining \overline on input line 399.
\classnum@=\count324
\DOTSCASE@=\count325
LaTeX Info: Redefining \ldots on input line 496.
LaTeX Info: Redefining \dots on input line 499.
LaTeX Info: Redefining \cdots on input line 620.
\Mathstrutbox@=\box75
\strutbox@=\box76
\big@size=\dimen285
LaTeX Font Info:    Redeclaring font encoding OML on input line 743.
LaTeX Font Info:    Redeclaring font encoding OMS on input line 744.
\macc@depth=\count326
\c@MaxMatrixCols=\count327
\dotsspace@=\muskip17
\c@parentequation=\count328
\dspbrk@lvl=\count329
\tag@help=\toks37
\row@=\count330
\column@=\count331
\maxfields@=\count332
\andhelp@=\toks38
\eqnshift@=\dimen286
\alignsep@=\dimen287
\tagshift@=\dimen288
\tagwidth@=\dimen289
\totwidth@=\dimen290
\lineht@=\dimen291
\@envbody=\toks39
\multlinegap=\skip62
\multlinetaggap=\skip63
\mathdisplay@stack=\toks40
LaTeX Info: Redefining \[ on input line 2938.
LaTeX Info: Redefining \] on input line 2939.
)
(/usr/local/texlive/2022/texmf-dist/tex/latex/amscls/amsthm.sty
Package: amsthm 2020/05/29 v2.20.6
\thm@style=\toks41
\thm@bodyfont=\toks42
\thm@headfont=\toks43
\thm@notefont=\toks44
\thm@headpunct=\toks45
\thm@preskip=\skip64
\thm@postskip=\skip65
\thm@headsep=\skip66
\dth@everypar=\toks46
)
\c@theorem=\count333
)
(/usr/local/texlive/2022/texmf-dist/tex/latex/beamer/beamerbasethemes.sty))
(/usr/local/texlive/2022/texmf-dist/tex/latex/beamer/beamerthemedefault.sty
(/usr/local/texlive/2022/texmf-dist/tex/latex/beamer/beamerfontthemedefault.sty
)
(/usr/local/texlive/2022/texmf-dist/tex/latex/beamer/beamercolorthemedefault.st
y)
(/usr/local/texlive/2022/texmf-dist/tex/latex/beamer/beamerinnerthemedefault.st
y
\beamer@dima=\dimen292
\beamer@dimb=\dimen293
)
(/usr/local/texlive/2022/texmf-dist/tex/latex/beamer/beamerouterthemedefault.st
y))) (/usr/local/texlive/2022/texmf-dist/tex/latex/base/ifthen.sty
Package: ifthen 2020/11/24 v1.1c Standard LaTeX ifthen package (DPC)
)
(../../../template/rwth-base.sty
Package: rwth-base 2013/11/25 RWTH Base Package (Colours/Fontstyle)

(/usr/local/texlive/2022/texmf-dist/tex/latex/base/fontenc.sty
Package: fontenc 2021/04/29 v2.0v Standard LaTeX package
)
(/usr/local/texlive/2022/texmf-dist/tex/latex/base/inputenc.sty
Package: inputenc 2021/02/14 v1.3d Input encoding file
\inpenc@prehook=\toks47
\inpenc@posthook=\toks48
)
LaTeX Font Info:    Redeclaring math version `normal' on input line 85.
LaTeX Font Info:    Redeclaring symbol font `operators' on input line 86.
LaTeX Font Info:    Overwriting symbol font `operators' in version `normal'
(Font)                  OT1/cmr/m/n --> OT1/cmss/m/n on input line 86.
LaTeX Font Info:    Overwriting symbol font `operators' in version `bold'
(Font)                  OT1/cmr/bx/n --> OT1/cmss/m/n on input line 86.
LaTeX Font Info:    Redeclaring symbol font `letters' on input line 87.
LaTeX Font Info:    Overwriting symbol font `letters' in version `normal'
(Font)                  OML/cmm/m/it --> OML/phv/m/it on input line 87.
LaTeX Font Info:    Overwriting symbol font `letters' in version `bold'
(Font)                  OML/cmm/b/it --> OML/phv/m/it on input line 87.
LaTeX Font Info:    Redeclaring math version `bold' on input line 88.
LaTeX Font Info:    Overwriting symbol font `operators' in version `bold'
(Font)                  OT1/cmss/m/n --> OT1/cmss/b/n on input line 89.
LaTeX Font Info:    Overwriting symbol font `letters' in version `bold'
(Font)                  OML/phv/m/it --> OML/phv/b/it on input line 90.
LaTeX Font Info:    Redeclaring symbol font `symbols' on input line 92.
LaTeX Font Info:    Overwriting symbol font `symbols' in version `normal'
(Font)                  OMS/cmsy/m/n --> OMS/cmsy/m/n on input line 92.
LaTeX Font Info:    Overwriting symbol font `symbols' in version `bold'
(Font)                  OMS/cmsy/m/n --> OMS/cmsy/m/n on input line 92.
LaTeX Font Info:    Redeclaring symbol font `largesymbols' on input line 93.
LaTeX Font Info:    Overwriting symbol font `largesymbols' in version `normal'
(Font)                  OMX/cmex/m/n --> OMX/cmex/m/n on input line 93.
LaTeX Font Info:    Overwriting symbol font `largesymbols' in version `bold'
(Font)                  OMX/cmex/m/n --> OMX/cmex/m/n on input line 93.
LaTeX Font Info:    Trying to load font information for T1+phv on input line 95
.

(/usr/local/texlive/2022/texmf-dist/tex/latex/psnfss/t1phv.fd
File: t1phv.fd 2020/03/25 scalable font definitions for T1/phv.
))
(/usr/local/texlive/2022/texmf-dist/tex/latex/ae/ae.sty
Package: ae 2001/02/12 1.3 Almost European Computer Modern

(/usr/local/texlive/2022/texmf-dist/tex/latex/base/fontenc.sty
Package: fontenc 2021/04/29 v2.0v Standard LaTeX package
))
(/usr/local/texlive/2022/texmf-dist/tex/latex/tools/tabularx.sty
Package: tabularx 2020/01/15 v2.11c `tabularx' package (DPC)
\TX@col@width=\dimen294
\TX@old@table=\dimen295
\TX@old@col=\dimen296
\TX@target=\dimen297
\TX@delta=\dimen298
\TX@cols=\count334
\TX@ftn=\toks49
)
(/usr/local/texlive/2022/texmf-dist/tex/latex/base/fontenc.sty
Package: fontenc 2021/04/29 v2.0v Standard LaTeX package
LaTeX Font Info:    Trying to load font information for T1+aess on input line 1
12.

(/usr/local/texlive/2022/texmf-dist/tex/latex/ae/t1aess.fd
File: t1aess.fd 1997/11/16 Font definitions for T1/aess.
))
(/usr/local/texlive/2022/texmf-dist/tex/latex/tools/calc.sty
Package: calc 2017/05/25 v4.3 Infix arithmetic (KKT,FJ)
\calc@Acount=\count335
\calc@Bcount=\count336
\calc@Adimen=\dimen299
\calc@Bdimen=\dimen300
\calc@Askip=\skip67
\calc@Bskip=\skip68
LaTeX Info: Redefining \setlength on input line 80.
LaTeX Info: Redefining \addtolength on input line 81.
\calc@Ccount=\count337
\calc@Cskip=\skip69
)
(/usr/local/texlive/2022/texmf-dist/tex/latex/pgfplots/pgfplots.sty
(/usr/local/texlive/2022/texmf-dist/tex/generic/pgfplots/pgfplots.revision.tex)
Package: pgfplots 2021/05/15 v1.18.1 Data Visualization (1.18.1)
(/usr/local/texlive/2022/texmf-dist/tex/latex/pgf/frontendlayer/tikz.sty
(/usr/local/texlive/2022/texmf-dist/tex/latex/pgf/basiclayer/pgf.sty
Package: pgf 2021/05/15 v3.1.9a (3.1.9a)

(/usr/local/texlive/2022/texmf-dist/tex/generic/pgf/modules/pgfmoduleshapes.cod
e.tex
File: pgfmoduleshapes.code.tex 2021/05/15 v3.1.9a (3.1.9a)
\pgfnodeparttextbox=\box77
)
(/usr/local/texlive/2022/texmf-dist/tex/generic/pgf/modules/pgfmoduleplot.code.
tex
File: pgfmoduleplot.code.tex 2021/05/15 v3.1.9a (3.1.9a)
)
(/usr/local/texlive/2022/texmf-dist/tex/latex/pgf/compatibility/pgfcomp-version
-0-65.sty
Package: pgfcomp-version-0-65 2021/05/15 v3.1.9a (3.1.9a)
\pgf@nodesepstart=\dimen301
\pgf@nodesepend=\dimen302
)
(/usr/local/texlive/2022/texmf-dist/tex/latex/pgf/compatibility/pgfcomp-version
-1-18.sty
Package: pgfcomp-version-1-18 2021/05/15 v3.1.9a (3.1.9a)
))
(/usr/local/texlive/2022/texmf-dist/tex/latex/pgf/utilities/pgffor.sty
(/usr/local/texlive/2022/texmf-dist/tex/generic/pgf/utilities/pgffor.code.tex
Package: pgffor 2021/05/15 v3.1.9a (3.1.9a)

(/usr/local/texlive/2022/texmf-dist/tex/generic/pgf/math/pgfmath.code.tex)
\pgffor@iter=\dimen303
\pgffor@skip=\dimen304
\pgffor@stack=\toks50
\pgffor@toks=\toks51
))
(/usr/local/texlive/2022/texmf-dist/tex/generic/pgf/frontendlayer/tikz/tikz.cod
e.tex
Package: tikz 2021/05/15 v3.1.9a (3.1.9a)

(/usr/local/texlive/2022/texmf-dist/tex/generic/pgf/libraries/pgflibraryplothan
dlers.code.tex
File: pgflibraryplothandlers.code.tex 2021/05/15 v3.1.9a (3.1.9a)
\pgf@plot@mark@count=\count338
\pgfplotmarksize=\dimen305
)
\tikz@lastx=\dimen306
\tikz@lasty=\dimen307
\tikz@lastxsaved=\dimen308
\tikz@lastysaved=\dimen309
\tikz@lastmovetox=\dimen310
\tikz@lastmovetoy=\dimen311
\tikzleveldistance=\dimen312
\tikzsiblingdistance=\dimen313
\tikz@figbox=\box78
\tikz@figbox@bg=\box79
\tikz@tempbox=\box80
\tikz@tempbox@bg=\box81
\tikztreelevel=\count339
\tikznumberofchildren=\count340
\tikznumberofcurrentchild=\count341
\tikz@fig@count=\count342

(/usr/local/texlive/2022/texmf-dist/tex/generic/pgf/modules/pgfmodulematrix.cod
e.tex
File: pgfmodulematrix.code.tex 2021/05/15 v3.1.9a (3.1.9a)
\pgfmatrixcurrentrow=\count343
\pgfmatrixcurrentcolumn=\count344
\pgf@matrix@numberofcolumns=\count345
)
\tikz@expandcount=\count346

(/usr/local/texlive/2022/texmf-dist/tex/generic/pgf/frontendlayer/tikz/librarie
s/tikzlibrarytopaths.code.tex
File: tikzlibrarytopaths.code.tex 2021/05/15 v3.1.9a (3.1.9a)
)))
(/usr/local/texlive/2022/texmf-dist/tex/generic/pgfplots/pgfplots.code.tex
(/usr/local/texlive/2022/texmf-dist/tex/generic/pgfplots/pgfplotscore.code.tex
\t@pgfplots@toka=\toks52
\t@pgfplots@tokb=\toks53
\t@pgfplots@tokc=\toks54
\pgfplots@tmpa=\dimen314
\c@pgfplots@coordindex=\count347
\c@pgfplots@scanlineindex=\count348

(/usr/local/texlive/2022/texmf-dist/tex/generic/pgfplots/sys/pgfplotssysgeneric
.code.tex))
(/usr/local/texlive/2022/texmf-dist/tex/generic/pgfplots/libs/pgfplotslibrary.c
ode.tex)
(/usr/local/texlive/2022/texmf-dist/tex/generic/pgfplots/oldpgfcompatib/pgfplot
soldpgfsupp_loader.code.tex
(/usr/local/texlive/2022/texmf-dist/tex/generic/pgf/libraries/pgflibraryfpu.cod
e.tex))
(/usr/local/texlive/2022/texmf-dist/tex/generic/pgfplots/util/pgfplotsutil.code
.tex
(/usr/local/texlive/2022/texmf-dist/tex/generic/pgfplots/liststructure/pgfplots
liststructure.code.tex)
(/usr/local/texlive/2022/texmf-dist/tex/generic/pgfplots/liststructure/pgfplots
liststructureext.code.tex)
(/usr/local/texlive/2022/texmf-dist/tex/generic/pgfplots/liststructure/pgfplots
array.code.tex
\c@pgfplotsarray@tmp=\count349
)
(/usr/local/texlive/2022/texmf-dist/tex/generic/pgfplots/liststructure/pgfplots
matrix.code.tex)
(/usr/local/texlive/2022/texmf-dist/tex/generic/pgfplots/numtable/pgfplotstable
shared.code.tex
\c@pgfplotstable@counta=\count350
\t@pgfplotstable@a=\toks55
)
(/usr/local/texlive/2022/texmf-dist/tex/generic/pgfplots/liststructure/pgfplots
deque.code.tex)
(/usr/local/texlive/2022/texmf-dist/tex/generic/pgfplots/util/pgfplotsbinary.co
de.tex
(/usr/local/texlive/2022/texmf-dist/tex/generic/pgfplots/util/pgfplotsbinary.da
ta.code.tex))
(/usr/local/texlive/2022/texmf-dist/tex/generic/pgfplots/util/pgfplotsutil.verb
.code.tex)
(/usr/local/texlive/2022/texmf-dist/tex/generic/pgfplots/libs/pgflibrarypgfplot
s.surfshading.code.tex
\c@pgfplotslibrarysurf@no=\count351

(/usr/local/texlive/2022/texmf-dist/tex/generic/pgfplots/sys/pgflibrarypgfplots
.surfshading.pgfsys-pdftex.def)))
(/usr/local/texlive/2022/texmf-dist/tex/generic/pgfplots/util/pgfplotscolormap.
code.tex
(/usr/local/texlive/2022/texmf-dist/tex/generic/pgfplots/util/pgfplotscolor.cod
e.tex))
(/usr/local/texlive/2022/texmf-dist/tex/generic/pgfplots/pgfplotsstackedplots.c
ode.tex)
(/usr/local/texlive/2022/texmf-dist/tex/generic/pgfplots/pgfplotsplothandlers.c
ode.tex
(/usr/local/texlive/2022/texmf-dist/tex/generic/pgfplots/pgfplotsmeshplothandle
r.code.tex
(/usr/local/texlive/2022/texmf-dist/tex/generic/pgfplots/pgfplotsmeshplotimage.
code.tex)))
(/usr/local/texlive/2022/texmf-dist/tex/generic/pgfplots/pgfplots.scaling.code.
tex)
(/usr/local/texlive/2022/texmf-dist/tex/generic/pgfplots/pgfplotscoordprocessin
g.code.tex)
(/usr/local/texlive/2022/texmf-dist/tex/generic/pgfplots/pgfplots.errorbars.cod
e.tex)
(/usr/local/texlive/2022/texmf-dist/tex/generic/pgfplots/pgfplots.markers.code.
tex)
(/usr/local/texlive/2022/texmf-dist/tex/generic/pgfplots/pgfplotsticks.code.tex
)
(/usr/local/texlive/2022/texmf-dist/tex/generic/pgfplots/pgfplots.paths.code.te
x)
(/usr/local/texlive/2022/texmf-dist/tex/generic/pgf/frontendlayer/tikz/librarie
s/tikzlibrarydecorations.code.tex
(/usr/local/texlive/2022/texmf-dist/tex/generic/pgf/modules/pgfmoduledecoration
s.code.tex
\pgfdecoratedcompleteddistance=\dimen315
\pgfdecoratedremainingdistance=\dimen316
\pgfdecoratedinputsegmentcompleteddistance=\dimen317
\pgfdecoratedinputsegmentremainingdistance=\dimen318
\pgf@decorate@distancetomove=\dimen319
\pgf@decorate@repeatstate=\count352
\pgfdecorationsegmentamplitude=\dimen320
\pgfdecorationsegmentlength=\dimen321
)
\tikz@lib@dec@box=\box82
)
(/usr/local/texlive/2022/texmf-dist/tex/generic/pgf/frontendlayer/tikz/librarie
s/tikzlibrarydecorations.pathmorphing.code.tex
(/usr/local/texlive/2022/texmf-dist/tex/generic/pgf/libraries/decorations/pgfli
brarydecorations.pathmorphing.code.tex))
(/usr/local/texlive/2022/texmf-dist/tex/generic/pgf/frontendlayer/tikz/librarie
s/tikzlibrarydecorations.pathreplacing.code.tex
(/usr/local/texlive/2022/texmf-dist/tex/generic/pgf/libraries/decorations/pgfli
brarydecorations.pathreplacing.code.tex))
(/usr/local/texlive/2022/texmf-dist/tex/generic/pgfplots/libs/tikzlibrarypgfplo
ts.contourlua.code.tex)
\pgfplots@numplots=\count353
\pgfplots@xmin@reg=\dimen322
\pgfplots@xmax@reg=\dimen323
\pgfplots@ymin@reg=\dimen324
\pgfplots@ymax@reg=\dimen325
\pgfplots@zmin@reg=\dimen326
\pgfplots@zmax@reg=\dimen327
)
(/usr/local/texlive/2022/texmf-dist/tex/generic/pgf/frontendlayer/tikz/librarie
s/tikzlibraryplotmarks.code.tex
File: tikzlibraryplotmarks.code.tex 2021/05/15 v3.1.9a (3.1.9a)

(/usr/local/texlive/2022/texmf-dist/tex/generic/pgf/libraries/pgflibraryplotmar
ks.code.tex
File: pgflibraryplotmarks.code.tex 2021/05/15 v3.1.9a (3.1.9a)
)))
(/usr/local/texlive/2022/texmf-dist/tex/latex/mdframed/mdframed.sty
Package: mdframed 2013/07/01 1.9b: mdframed

(/usr/local/texlive/2022/texmf-dist/tex/latex/l3packages/xparse/xparse.sty
(/usr/local/texlive/2022/texmf-dist/tex/latex/l3kernel/expl3.sty
Package: expl3 2022-02-24 L3 programming layer (loader) 

(/usr/local/texlive/2022/texmf-dist/tex/latex/l3backend/l3backend-pdftex.def
File: l3backend-pdftex.def 2022-02-07 L3 backend support: PDF output (pdfTeX)
\l__color_backend_stack_int=\count354
\l__pdf_internal_box=\box83
))
Package: xparse 2022-01-12 L3 Experimental document command parser
) (/usr/local/texlive/2022/texmf-dist/tex/latex/zref/zref-abspage.sty
Package: zref-abspage 2020-07-03 v2.32 Module abspage for zref (HO)

(/usr/local/texlive/2022/texmf-dist/tex/latex/zref/zref-base.sty
Package: zref-base 2020-07-03 v2.32 Module base for zref (HO)
Package zref Info: New property list: main on input line 764.
Package zref Info: New property: default on input line 765.
Package zref Info: New property: page on input line 766.
)
\c@abspage=\count355
Package zref Info: New property: abspage on input line 66.
)
(/usr/local/texlive/2022/texmf-dist/tex/latex/needspace/needspace.sty
Package: needspace 2010/09/12 v1.3d reserve vertical space
)
\mdf@templength=\skip70
\c@mdf@globalstyle@cnt=\count356
\mdf@skipabove@length=\skip71
\mdf@skipbelow@length=\skip72
\mdf@leftmargin@length=\skip73
\mdf@rightmargin@length=\skip74
\mdf@innerleftmargin@length=\skip75
\mdf@innerrightmargin@length=\skip76
\mdf@innertopmargin@length=\skip77
\mdf@innerbottommargin@length=\skip78
\mdf@splittopskip@length=\skip79
\mdf@splitbottomskip@length=\skip80
\mdf@outermargin@length=\skip81
\mdf@innermargin@length=\skip82
\mdf@linewidth@length=\skip83
\mdf@innerlinewidth@length=\skip84
\mdf@middlelinewidth@length=\skip85
\mdf@outerlinewidth@length=\skip86
\mdf@roundcorner@length=\skip87
\mdf@footenotedistance@length=\skip88
\mdf@userdefinedwidth@length=\skip89
\mdf@needspace@length=\skip90
\mdf@frametitleaboveskip@length=\skip91
\mdf@frametitlebelowskip@length=\skip92
\mdf@frametitlerulewidth@length=\skip93
\mdf@frametitleleftmargin@length=\skip94
\mdf@frametitlerightmargin@length=\skip95
\mdf@shadowsize@length=\skip96
\mdf@extratopheight@length=\skip97
\mdf@subtitleabovelinewidth@length=\skip98
\mdf@subtitlebelowlinewidth@length=\skip99
\mdf@subtitleaboveskip@length=\skip100
\mdf@subtitlebelowskip@length=\skip101
\mdf@subtitleinneraboveskip@length=\skip102
\mdf@subtitleinnerbelowskip@length=\skip103
\mdf@subsubtitleabovelinewidth@length=\skip104
\mdf@subsubtitlebelowlinewidth@length=\skip105
\mdf@subsubtitleaboveskip@length=\skip106
\mdf@subsubtitlebelowskip@length=\skip107
\mdf@subsubtitleinneraboveskip@length=\skip108
\mdf@subsubtitleinnerbelowskip@length=\skip109

(/usr/local/texlive/2022/texmf-dist/tex/latex/mdframed/md-frame-1.mdf
File: md-frame-1.mdf 2013/07/01\ 1.9b: md-frame-1
)
\mdf@frametitlebox=\box84
\mdf@footnotebox=\box85
\mdf@splitbox@one=\box86
\mdf@splitbox@two=\box87
\mdf@splitbox@save=\box88
\mdfsplitboxwidth=\skip110
\mdfsplitboxtotalwidth=\skip111
\mdfsplitboxheight=\skip112
\mdfsplitboxdepth=\skip113
\mdfsplitboxtotalheight=\skip114
\mdfframetitleboxwidth=\skip115
\mdfframetitleboxtotalwidth=\skip116
\mdfframetitleboxheight=\skip117
\mdfframetitleboxdepth=\skip118
\mdfframetitleboxtotalheight=\skip119
\mdffootnoteboxwidth=\skip120
\mdffootnoteboxtotalwidth=\skip121
\mdffootnoteboxheight=\skip122
\mdffootnoteboxdepth=\skip123
\mdffootnoteboxtotalheight=\skip124
\mdftotallinewidth=\skip125
\mdfboundingboxwidth=\skip126
\mdfboundingboxtotalwidth=\skip127
\mdfboundingboxheight=\skip128
\mdfboundingboxdepth=\skip129
\mdfboundingboxtotalheight=\skip130
\mdf@freevspace@length=\skip131
\mdf@horizontalwidthofbox@length=\skip132
\mdf@verticalmarginwhole@length=\skip133
\mdf@horizontalspaceofbox=\skip134
\mdfsubtitleheight=\skip135
\mdfsubsubtitleheight=\skip136
\c@mdfcountframes=\count357

****** mdframed patching \endmdf@trivlist

****** -- failed******

\mdf@envdepth=\count358
\c@mdf@env@i=\count359
\c@mdf@env@ii=\count360
\c@mdf@zref@counter=\count361
Package zref Info: New property: mdf@pagevalue on input line 895.
)
(/usr/local/texlive/2022/texmf-dist/tex/latex/base/fix-cm.sty
Package: fix-cm 2020/11/24 v1.1t fixes to LaTeX

(/usr/local/texlive/2022/texmf-dist/tex/latex/base/ts1enc.def
File: ts1enc.def 2001/06/05 v3.0e (jk/car/fm) Standard LaTeX file
LaTeX Font Info:    Redeclaring font encoding TS1 on input line 47.
))
(/usr/local/texlive/2022/texmf-dist/tex/generic/pgf/frontendlayer/tikz/librarie
s/tikzlibrarycalc.code.tex
File: tikzlibrarycalc.code.tex 2021/05/15 v3.1.9a (3.1.9a)
)
(/usr/local/texlive/2022/texmf-dist/tex/generic/pgf/frontendlayer/tikz/librarie
s/tikzlibraryshapes.code.tex
File: tikzlibraryshapes.code.tex 2021/05/15 v3.1.9a (3.1.9a)

(/usr/local/texlive/2022/texmf-dist/tex/generic/pgf/frontendlayer/tikz/librarie
s/tikzlibraryshapes.geometric.code.tex
File: tikzlibraryshapes.geometric.code.tex 2021/05/15 v3.1.9a (3.1.9a)

(/usr/local/texlive/2022/texmf-dist/tex/generic/pgf/libraries/shapes/pgflibrary
shapes.geometric.code.tex
File: pgflibraryshapes.geometric.code.tex 2021/05/15 v3.1.9a (3.1.9a)
))
(/usr/local/texlive/2022/texmf-dist/tex/generic/pgf/frontendlayer/tikz/librarie
s/tikzlibraryshapes.misc.code.tex
File: tikzlibraryshapes.misc.code.tex 2021/05/15 v3.1.9a (3.1.9a)

(/usr/local/texlive/2022/texmf-dist/tex/generic/pgf/libraries/shapes/pgflibrary
shapes.misc.code.tex
File: pgflibraryshapes.misc.code.tex 2021/05/15 v3.1.9a (3.1.9a)
))
(/usr/local/texlive/2022/texmf-dist/tex/generic/pgf/frontendlayer/tikz/librarie
s/tikzlibraryshapes.symbols.code.tex
File: tikzlibraryshapes.symbols.code.tex 2021/05/15 v3.1.9a (3.1.9a)

(/usr/local/texlive/2022/texmf-dist/tex/generic/pgf/libraries/shapes/pgflibrary
shapes.symbols.code.tex
File: pgflibraryshapes.symbols.code.tex 2021/05/15 v3.1.9a (3.1.9a)
))
(/usr/local/texlive/2022/texmf-dist/tex/generic/pgf/frontendlayer/tikz/librarie
s/tikzlibraryshapes.arrows.code.tex
File: tikzlibraryshapes.arrows.code.tex 2021/05/15 v3.1.9a (3.1.9a)

(/usr/local/texlive/2022/texmf-dist/tex/generic/pgf/libraries/shapes/pgflibrary
shapes.arrows.code.tex
File: pgflibraryshapes.arrows.code.tex 2021/05/15 v3.1.9a (3.1.9a)
))
(/usr/local/texlive/2022/texmf-dist/tex/generic/pgf/frontendlayer/tikz/librarie
s/tikzlibraryshapes.callouts.code.tex
(/usr/local/texlive/2022/texmf-dist/tex/generic/pgf/libraries/shapes/pgflibrary
shapes.callouts.code.tex))
(/usr/local/texlive/2022/texmf-dist/tex/generic/pgf/frontendlayer/tikz/librarie
s/tikzlibraryshapes.multipart.code.tex
File: tikzlibraryshapes.multipart.code.tex 2021/05/15 v3.1.9a (3.1.9a)

(/usr/local/texlive/2022/texmf-dist/tex/generic/pgf/libraries/shapes/pgflibrary
shapes.multipart.code.tex
File: pgflibraryshapes.multipart.code.tex 2021/05/15 v3.1.9a (3.1.9a)
\pgfnodepartlowerbox=\box89
\pgfnodeparttwobox=\box90
\pgfnodepartthreebox=\box91
\pgfnodepartfourbox=\box92
\pgfnodeparttwentybox=\box93
\pgfnodepartnineteenbox=\box94
\pgfnodeparteighteenbox=\box95
\pgfnodepartseventeenbox=\box96
\pgfnodepartsixteenbox=\box97
\pgfnodepartfifteenbox=\box98
\pgfnodepartfourteenbox=\box99
\pgfnodepartthirteenbox=\box100
\pgfnodeparttwelvebox=\box101
\pgfnodepartelevenbox=\box102
\pgfnodeparttenbox=\box103
\pgfnodepartninebox=\box104
\pgfnodeparteightbox=\box105
\pgfnodepartsevenbox=\box106
\pgfnodepartsixbox=\box107
\pgfnodepartfivebox=\box108
)))
(/usr/local/texlive/2022/texmf-dist/tex/generic/pgf/frontendlayer/tikz/librarie
s/tikzlibraryarrows.code.tex
File: tikzlibraryarrows.code.tex 2021/05/15 v3.1.9a (3.1.9a)

(/usr/local/texlive/2022/texmf-dist/tex/generic/pgf/libraries/pgflibraryarrows.
code.tex
File: pgflibraryarrows.code.tex 2021/05/15 v3.1.9a (3.1.9a)
\arrowsize=\dimen328
))
(/usr/local/texlive/2022/texmf-dist/tex/generic/pgf/frontendlayer/tikz/librarie
s/tikzlibraryfadings.code.tex
File: tikzlibraryfadings.code.tex 2021/05/15 v3.1.9a (3.1.9a)

(/usr/local/texlive/2022/texmf-dist/tex/generic/pgf/libraries/pgflibraryfadings
.code.tex
File: pgflibraryfadings.code.tex 2021/05/15 v3.1.9a (3.1.9a)
))
(/usr/local/texlive/2022/texmf-dist/tex/generic/pgf/frontendlayer/tikz/librarie
s/tikzlibrarydecorations.markings.code.tex
(/usr/local/texlive/2022/texmf-dist/tex/generic/pgf/libraries/decorations/pgfli
brarydecorations.markings.code.tex))
(/usr/local/texlive/2022/texmf-dist/tex/generic/pgf/frontendlayer/tikz/librarie
s/tikzlibrarybackgrounds.code.tex
File: tikzlibrarybackgrounds.code.tex 2021/05/15 v3.1.9a (3.1.9a)
\pgf@layerbox@background=\box109
\pgf@layerboxsaved@background=\box110
)
(/usr/local/texlive/2022/texmf-dist/tex/latex/beamer/beamercolorthemeorchid.sty
)
(/usr/local/texlive/2022/texmf-dist/tex/latex/beamer/beamerinnerthemerounded.st
y)
\footerleftwidth=\skip137
\footerrightwidth=\skip138
\@titlegraphicwidth=\skip139
\@titlegraphicheight=\skip140
\footerimageheight=\skip141
) (/usr/local/texlive/2022/texmf-dist/tex/latex/diagbox/diagbox.sty
Package: diagbox 2020/02/09 v2.3 Making table heads with diagonal lines

(/usr/local/texlive/2022/texmf-dist/tex/latex/pict2e/pict2e.sty
Package: pict2e 2020/09/30 v0.4b Improved picture commands (HjG,RN,JT)

(/usr/local/texlive/2022/texmf-dist/tex/latex/pict2e/pict2e.cfg
File: pict2e.cfg 2016/02/05 v0.1u pict2e configuration for teTeX/TeXLive
)
Package pict2e Info: Driver file: pdftex.def on input line 112.
Package pict2e Info: Driver file for pict2e: p2e-pdftex.def on input line 114.

(/usr/local/texlive/2022/texmf-dist/tex/latex/pict2e/p2e-pdftex.def
File: p2e-pdftex.def 2016/02/05 v0.1u Driver-dependant file (RN,HjG,JT)
)
\pIIe@GRAPH=\toks56
\@arclen=\dimen329
\@arcrad=\dimen330
\pIIe@tempdima=\dimen331
\pIIe@tempdimb=\dimen332
\pIIe@tempdimc=\dimen333
\pIIe@tempdimd=\dimen334
\pIIe@tempdime=\dimen335
\pIIe@tempdimf=\dimen336
)
\diagbox@boxa=\box111
\diagbox@boxb=\box112
\diagbox@boxm=\box113
\diagbox@wd=\dimen337
\diagbox@ht=\dimen338
\diagbox@insepl=\dimen339
\diagbox@insepr=\dimen340
\diagbox@outsepl=\dimen341
\diagbox@outsepr=\dimen342
)
(/usr/local/texlive/2022/texmf-dist/tex/latex/pgfplots/pgfplotstable.sty
(/usr/local/texlive/2022/texmf-dist/tex/generic/pgfplots/pgfplots.revision.tex)
Package: pgfplotstable 2021/05/15 v1.18.1 Table typesetting and Pretty-printing
 (1.18.1)

(/usr/local/texlive/2022/texmf-dist/tex/generic/pgfplots/numtable/pgfplotstable
.code.tex
(/usr/local/texlive/2022/texmf-dist/tex/generic/pgfplots/numtable/pgfplotstable
.coltype.code.tex)))

Package hyperref Warning: Token not allowed in a PDF string (Unicode):
(hyperref)                removing `\leavevmode@ifvmode' on input line 27.


Package hyperref Warning: Token not allowed in a PDF string (Unicode):
(hyperref)                \kern 5.5pt
(hyperref)                replaced by space on input line 27.


Package hyperref Warning: Token not allowed in a PDF string (Unicode):
(hyperref)                removing `\leavevmode@ifvmode' on input line 27.


Package hyperref Warning: Token not allowed in a PDF string (Unicode):
(hyperref)                \kern 5.5pt
(hyperref)                replaced by space on input line 27.

(./presentation.aux)
\openout1 = `presentation.aux'.

LaTeX Font Info:    Checking defaults for OML/cmm/m/it on input line 27.
LaTeX Font Info:    ... okay on input line 27.
LaTeX Font Info:    Checking defaults for OMS/cmsy/m/n on input line 27.
LaTeX Font Info:    ... okay on input line 27.
LaTeX Font Info:    Checking defaults for OT1/cmr/m/n on input line 27.
LaTeX Font Info:    ... okay on input line 27.
LaTeX Font Info:    Checking defaults for T1/cmr/m/n on input line 27.
LaTeX Font Info:    ... okay on input line 27.
LaTeX Font Info:    Checking defaults for TS1/cmr/m/n on input line 27.
LaTeX Font Info:    ... okay on input line 27.
LaTeX Font Info:    Checking defaults for OMX/cmex/m/n on input line 27.
LaTeX Font Info:    ... okay on input line 27.
LaTeX Font Info:    Checking defaults for U/cmr/m/n on input line 27.
LaTeX Font Info:    ... okay on input line 27.
LaTeX Font Info:    Checking defaults for PD1/pdf/m/n on input line 27.
LaTeX Font Info:    ... okay on input line 27.
LaTeX Font Info:    Checking defaults for PU/pdf/m/n on input line 27.
LaTeX Font Info:    ... okay on input line 27.

*geometry* driver: auto-detecting
*geometry* detected driver: pdftex
*geometry* verbose mode - [ preamble ] result:
* driver: pdftex
* paper: custom
* layout: <same size as paper>
* layoutoffset:(h,v)=(0.0pt,0.0pt)
* modes: includehead includefoot 
* h-part:(L,W,R)=(28.45274pt, 307.28987pt, 28.45274pt)
* v-part:(T,H,B)=(0.0pt, 273.14662pt, 0.0pt)
* \paperwidth=364.19536pt
* \paperheight=273.14662pt
* \textwidth=307.28987pt
* \textheight=244.6939pt
* \oddsidemargin=-43.81725pt
* \evensidemargin=-43.81725pt
* \topmargin=-72.26999pt
* \headheight=14.22636pt
* \headsep=0.0pt
* \topskip=11.0pt
* \footskip=14.22636pt
* \marginparwidth=4.0pt
* \marginparsep=10.0pt
* \columnsep=10.0pt
* \skip\footins=10.0pt plus 4.0pt minus 2.0pt
* \hoffset=0.0pt
* \voffset=0.0pt
* \mag=1000
* \@twocolumnfalse
* \@twosidefalse
* \@mparswitchfalse
* \@reversemarginfalse
* (1in=72.27pt=25.4mm, 1cm=28.453pt)

(/usr/local/texlive/2022/texmf-dist/tex/context/base/mkii/supp-pdf.mkii
[Loading MPS to PDF converter (version 2006.09.02).]
\scratchcounter=\count362
\scratchdimen=\dimen343
\scratchbox=\box114
\nofMPsegments=\count363
\nofMParguments=\count364
\everyMPshowfont=\toks57
\MPscratchCnt=\count365
\MPscratchDim=\dimen344
\MPnumerator=\count366
\makeMPintoPDFobject=\count367
\everyMPtoPDFconversion=\toks58
) (/usr/local/texlive/2022/texmf-dist/tex/latex/epstopdf-pkg/epstopdf-base.sty
Package: epstopdf-base 2020-01-24 v2.11 Base part for package epstopdf
Package epstopdf-base Info: Redefining graphics rule for `.eps' on input line 4
85.

(/usr/local/texlive/2022/texmf-dist/tex/latex/latexconfig/epstopdf-sys.cfg
File: epstopdf-sys.cfg 2010/07/13 v1.3 Configuration of (r)epstopdf for TeX Liv
e
))
Package hyperref Info: Link coloring OFF on input line 27.

(/usr/local/texlive/2022/texmf-dist/tex/latex/hyperref/nameref.sty
Package: nameref 2021-04-02 v2.47 Cross-referencing by name of section

(/usr/local/texlive/2022/texmf-dist/tex/latex/refcount/refcount.sty
Package: refcount 2019/12/15 v3.6 Data extraction from label references (HO)
)
(/usr/local/texlive/2022/texmf-dist/tex/generic/gettitlestring/gettitlestring.s
ty
Package: gettitlestring 2019/12/15 v1.6 Cleanup title references (HO)
)
\c@section@level=\count368
)
LaTeX Info: Redefining \ref on input line 27.
LaTeX Info: Redefining \pageref on input line 27.
LaTeX Info: Redefining \nameref on input line 27.
 (./presentation.out) (./presentation.out)
\@outlinefile=\write5
\openout5 = `presentation.out'.

LaTeX Font Info:    Overwriting symbol font `operators' in version `normal'
(Font)                  OT1/cmss/m/n --> OT1/cmss/m/n on input line 27.
LaTeX Font Info:    Overwriting symbol font `operators' in version `bold'
(Font)                  OT1/cmss/b/n --> OT1/cmss/b/n on input line 27.
\symnumbers=\mathgroup6
\sympureletters=\mathgroup7
LaTeX Font Info:    Overwriting math alphabet `\mathrm' in version `normal'
(Font)                  OT1/cmss/m/n --> T1/aer/m/n on input line 27.
LaTeX Font Info:    Redeclaring math alphabet \mathbf on input line 27.
LaTeX Font Info:    Overwriting math alphabet `\mathbf' in version `normal'
(Font)                  OT1/cmr/bx/n --> T1/aess/b/n on input line 27.
LaTeX Font Info:    Overwriting math alphabet `\mathbf' in version `bold'
(Font)                  OT1/cmr/bx/n --> T1/aess/b/n on input line 27.
LaTeX Font Info:    Redeclaring math alphabet \mathsf on input line 27.
LaTeX Font Info:    Overwriting math alphabet `\mathsf' in version `normal'
(Font)                  OT1/cmss/m/n --> T1/aess/m/n on input line 27.
LaTeX Font Info:    Overwriting math alphabet `\mathsf' in version `bold'
(Font)                  OT1/cmss/m/n --> T1/aess/m/n on input line 27.
LaTeX Font Info:    Redeclaring math alphabet \mathit on input line 27.
LaTeX Font Info:    Overwriting math alphabet `\mathit' in version `normal'
(Font)                  OT1/cmr/m/it --> T1/aess/m/it on input line 27.
LaTeX Font Info:    Overwriting math alphabet `\mathit' in version `bold'
(Font)                  OT1/cmr/m/it --> T1/aess/m/it on input line 27.
LaTeX Font Info:    Redeclaring math alphabet \mathtt on input line 27.
LaTeX Font Info:    Overwriting math alphabet `\mathtt' in version `normal'
(Font)                  OT1/cmtt/m/n --> T1/aett/m/n on input line 27.
LaTeX Font Info:    Overwriting math alphabet `\mathtt' in version `bold'
(Font)                  OT1/cmtt/m/n --> T1/aett/m/n on input line 27.
LaTeX Font Info:    Overwriting symbol font `numbers' in version `bold'
(Font)                  T1/aess/m/n --> T1/aess/b/n on input line 27.
LaTeX Font Info:    Overwriting symbol font `pureletters' in version `bold'
(Font)                  T1/aess/m/it --> T1/aess/b/it on input line 27.
LaTeX Font Info:    Overwriting math alphabet `\mathrm' in version `bold'
(Font)                  OT1/cmss/b/n --> T1/aer/b/n on input line 27.
LaTeX Font Info:    Overwriting math alphabet `\mathbf' in version `bold'
(Font)                  T1/aess/b/n --> T1/aess/b/n on input line 27.
LaTeX Font Info:    Overwriting math alphabet `\mathsf' in version `bold'
(Font)                  T1/aess/m/n --> T1/aess/b/n on input line 27.
LaTeX Font Info:    Overwriting math alphabet `\mathit' in version `bold'
(Font)                  T1/aess/m/it --> T1/aess/b/it on input line 27.
LaTeX Font Info:    Overwriting math alphabet `\mathtt' in version `bold'
(Font)                  T1/aett/m/n --> T1/aett/b/n on input line 27.

(/usr/local/texlive/2022/texmf-dist/tex/latex/translator/translator-basic-dicti
onary-English.dict
Dictionary: translator-basic-dictionary, Language: English 
)
(/usr/local/texlive/2022/texmf-dist/tex/latex/translator/translator-bibliograph
y-dictionary-English.dict
Dictionary: translator-bibliography-dictionary, Language: English 
)
(/usr/local/texlive/2022/texmf-dist/tex/latex/translator/translator-environment
-dictionary-English.dict
Dictionary: translator-environment-dictionary, Language: English 
)
(/usr/local/texlive/2022/texmf-dist/tex/latex/translator/translator-months-dict
ionary-English.dict
Dictionary: translator-months-dictionary, Language: English 
)
(/usr/local/texlive/2022/texmf-dist/tex/latex/translator/translator-numbers-dic
tionary-English.dict
Dictionary: translator-numbers-dictionary, Language: English 
)
(/usr/local/texlive/2022/texmf-dist/tex/latex/translator/translator-theorem-dic
tionary-English.dict
Dictionary: translator-theorem-dictionary, Language: English 
)
Package pgfplots notification 'compat/show suggested version=true': you might b
enefit from \pgfplotsset{compat=1.18} (current compat level: 1.4).

<../../../template/logo/nurcammp.png, id=37, 46.9755pt x 47.2164pt>
File: ../../../template/logo/nurcammp.png Graphic file (type png)
<use ../../../template/logo/nurcammp.png>
Package pdftex.def Info: ../../../template/logo/nurcammp.png  used on input lin
e 27.
(pdftex.def)             Requested size: 10.56543pt x 10.61996pt.
(./presentation.nav)
File: ../../../template/logo/nurcammp.png Graphic file (type png)
<use ../../../template/logo/nurcammp.png>
Package pdftex.def Info: ../../../template/logo/nurcammp.png  used on input lin
e 27.
(pdftex.def)             Requested size: 10.56543pt x 10.61996pt.
LaTeX Font Info:    Trying to load font information for OML+phv on input line 2
7.

(/usr/local/texlive/2022/texmf-dist/tex/latex/psnfss/omlphv.fd
File: omlphv.fd 
)
LaTeX Font Info:    Font shape `OML/phv/m/it' in size <5> not available
(Font)              Font shape `OML/cmm/m/it' tried instead on input line 27.
LaTeX Font Info:    Trying to load font information for U+msa on input line 27.


(/usr/local/texlive/2022/texmf-dist/tex/latex/amsfonts/umsa.fd
File: umsa.fd 2013/01/14 v3.01 AMS symbols A
)
LaTeX Font Info:    Trying to load font information for U+msb on input line 27.


(/usr/local/texlive/2022/texmf-dist/tex/latex/amsfonts/umsb.fd
File: umsb.fd 2013/01/14 v3.01 AMS symbols B
)
LaTeX Font Info:    Font shape `T1/aess/m/it' in size <5> not available
(Font)              Font shape `T1/aess/m/sl' tried instead on input line 27.
File: ../../../template/logo/nurcammp.png Graphic file (type png)
<use ../../../template/logo/nurcammp.png>
Package pdftex.def Info: ../../../template/logo/nurcammp.png  used on input lin
e 30.
(pdftex.def)             Requested size: 21.8878pt x 22.0pt.
File: ../../../template/logo/nurcammp.png Graphic file (type png)
<use ../../../template/logo/nurcammp.png>
Package pdftex.def Info: ../../../template/logo/nurcammp.png  used on input lin
e 30.
(pdftex.def)             Requested size: 21.8878pt x 22.0pt.
LaTeX Font Info:    Font shape `T1/aess/b/n' in size <14> not available
(Font)              Font shape `T1/aess/bx/n' tried instead on input line 30.

Underfull \hbox (badness 10000) in paragraph at lines 30--30

 []

File: ../../../template/logo/nurcammp.png Graphic file (type png)
<use ../../../template/logo/nurcammp.png>
Package pdftex.def Info: ../../../template/logo/nurcammp.png  used on input lin
e 30.
(pdftex.def)             Requested size: 21.8878pt x 22.0pt.

Overfull \vbox (0.10751pt too high) detected at line 30
 []

<../figs/z_supercomputer.png, id=39, 622.325pt x 368.37625pt>
File: ../figs/z_supercomputer.png Graphic file (type png)
<use ../figs/z_supercomputer.png>
Package pdftex.def Info: ../figs/z_supercomputer.png  used on input line 30.
(pdftex.def)             Requested size: 364.19536pt x 215.58073pt.
[1

{/usr/local/texlive/2022/texmf-var/fonts/map/pdftex/updmap/pdftex.map} <../figs
/z_supercomputer.png (PNG copy)> <../../../template/logo/nurcammp.png>]
(./presentation.toc)
File: ../../../template/logo/nurcammp.png Graphic file (type png)
<use ../../../template/logo/nurcammp.png>
Package pdftex.def Info: ../../../template/logo/nurcammp.png  used on input lin
e 36.
(pdftex.def)             Requested size: 10.56543pt x 10.61996pt.
 [2

]
<../figs/z_laptop.jpg, id=60, 401.5pt x 301.125pt>
File: ../figs/z_laptop.jpg Graphic file (type jpg)
<use ../figs/z_laptop.jpg>
Package pdftex.def Info: ../figs/z_laptop.jpg  used on input line 45.
(pdftex.def)             Requested size: 215.10196pt x 161.3323pt.
File: ../../../template/logo/nurcammp.png Graphic file (type png)
<use ../../../template/logo/nurcammp.png>
Package pdftex.def Info: ../../../template/logo/nurcammp.png  used on input lin
e 45.
(pdftex.def)             Requested size: 10.56543pt x 10.61996pt.
 [3

 <../figs/z_laptop.jpg>]
File: ../figs/z_laptop.jpg Graphic file (type jpg)
<use ../figs/z_laptop.jpg>
Package pdftex.def Info: ../figs/z_laptop.jpg  used on input line 54.
(pdftex.def)             Requested size: 92.1879pt x 69.13782pt.
<../figs/z_lieferant.jpg, id=66, 301.125pt x 301.125pt>
File: ../figs/z_lieferant.jpg Graphic file (type jpg)
<use ../figs/z_lieferant.jpg>
Package pdftex.def Info: ../figs/z_lieferant.jpg  used on input line 54.
(pdftex.def)             Requested size: 92.1879pt x 92.18988pt.
<../figs/z_lager.jpg, id=67, 861.2175pt x 654.445pt>
File: ../figs/z_lager.jpg Graphic file (type jpg)
<use ../figs/z_lager.jpg>
Package pdftex.def Info: ../figs/z_lager.jpg  used on input line 54.
(pdftex.def)             Requested size: 92.1879pt x 70.05188pt.
File: ../../../template/logo/nurcammp.png Graphic file (type png)
<use ../../../template/logo/nurcammp.png>
Package pdftex.def Info: ../../../template/logo/nurcammp.png  used on input lin
e 54.
(pdftex.def)             Requested size: 10.56543pt x 10.61996pt.
 [4

 <../figs/z_lieferant.jpg> <../figs/z_lager.jpg>]
File: ../figs/z_laptop.jpg Graphic file (type jpg)
<use ../figs/z_laptop.jpg>
Package pdftex.def Info: ../figs/z_laptop.jpg  used on input line 54.
(pdftex.def)             Requested size: 92.1879pt x 69.13782pt.
File: ../figs/z_lieferant.jpg Graphic file (type jpg)
<use ../figs/z_lieferant.jpg>
Package pdftex.def Info: ../figs/z_lieferant.jpg  used on input line 54.
(pdftex.def)             Requested size: 92.1879pt x 92.18988pt.
File: ../figs/z_lager.jpg Graphic file (type jpg)
<use ../figs/z_lager.jpg>
Package pdftex.def Info: ../figs/z_lager.jpg  used on input line 54.
(pdftex.def)             Requested size: 92.1879pt x 70.05188pt.
File: ../../../template/logo/nurcammp.png Graphic file (type png)
<use ../../../template/logo/nurcammp.png>
Package pdftex.def Info: ../../../template/logo/nurcammp.png  used on input lin
e 54.
(pdftex.def)             Requested size: 10.56543pt x 10.61996pt.
 [5

]
File: ../figs/z_laptop.jpg Graphic file (type jpg)
<use ../figs/z_laptop.jpg>
Package pdftex.def Info: ../figs/z_laptop.jpg  used on input line 54.
(pdftex.def)             Requested size: 92.1879pt x 69.13782pt.
File: ../figs/z_lieferant.jpg Graphic file (type jpg)
<use ../figs/z_lieferant.jpg>
Package pdftex.def Info: ../figs/z_lieferant.jpg  used on input line 54.
(pdftex.def)             Requested size: 92.1879pt x 92.18988pt.
File: ../figs/z_lager.jpg Graphic file (type jpg)
<use ../figs/z_lager.jpg>
Package pdftex.def Info: ../figs/z_lager.jpg  used on input line 54.
(pdftex.def)             Requested size: 92.1879pt x 70.05188pt.
File: ../../../template/logo/nurcammp.png Graphic file (type png)
<use ../../../template/logo/nurcammp.png>
Package pdftex.def Info: ../../../template/logo/nurcammp.png  used on input lin
e 54.
(pdftex.def)             Requested size: 10.56543pt x 10.61996pt.
 [6

]
File: ../figs/z_laptop.jpg Graphic file (type jpg)
<use ../figs/z_laptop.jpg>
Package pdftex.def Info: ../figs/z_laptop.jpg  used on input line 54.
(pdftex.def)             Requested size: 92.1879pt x 69.13782pt.
File: ../figs/z_lieferant.jpg Graphic file (type jpg)
<use ../figs/z_lieferant.jpg>
Package pdftex.def Info: ../figs/z_lieferant.jpg  used on input line 54.
(pdftex.def)             Requested size: 92.1879pt x 92.18988pt.
File: ../figs/z_lager.jpg Graphic file (type jpg)
<use ../figs/z_lager.jpg>
Package pdftex.def Info: ../figs/z_lager.jpg  used on input line 54.
(pdftex.def)             Requested size: 92.1879pt x 70.05188pt.
File: ../../../template/logo/nurcammp.png Graphic file (type png)
<use ../../../template/logo/nurcammp.png>
Package pdftex.def Info: ../../../template/logo/nurcammp.png  used on input lin
e 54.
(pdftex.def)             Requested size: 10.56543pt x 10.61996pt.
 [7

]
LaTeX Font Info:    Font shape `T1/aess/b/n' in size <11> not available
(Font)              Font shape `T1/aess/bx/n' tried instead on input line 72.
LaTeX Font Info:    Font shape `T1/aess/m/it' in size <11> not available
(Font)              Font shape `T1/aess/m/sl' tried instead on input line 72.
LaTeX Font Info:    Calculating math sizes for size <11> on input line 72.
LaTeX Font Info:    Font shape `OML/phv/m/it' in size <11> not available
(Font)              Font shape `OML/cmm/m/it' tried instead on input line 72.
LaTeX Font Info:    Font shape `OML/phv/m/it' in size <7.69997> not available
(Font)              Font shape `OML/cmm/m/it' tried instead on input line 72.
LaTeX Font Info:    Font shape `OML/phv/m/it' in size <5.5> not available
(Font)              Font shape `OML/cmm/m/it' tried instead on input line 72.
LaTeX Font Info:    Font shape `T1/aess/m/it' in size <7.69997> not available
(Font)              Font shape `T1/aess/m/sl' tried instead on input line 72.
LaTeX Font Info:    Font shape `T1/aess/m/it' in size <5.5> not available
(Font)              Font shape `T1/aess/m/sl' tried instead on input line 72.
File: ../../../template/logo/nurcammp.png Graphic file (type png)
<use ../../../template/logo/nurcammp.png>
Package pdftex.def Info: ../../../template/logo/nurcammp.png  used on input lin
e 72.
(pdftex.def)             Requested size: 10.56543pt x 10.61996pt.
 [8

]
LaTeX Font Info:    Trying to load font information for T1+aett on input line 9
2.

(/usr/local/texlive/2022/texmf-dist/tex/latex/ae/t1aett.fd
File: t1aett.fd 1997/11/16 Font definitions for T1/aett.
)
File: ../../../template/logo/nurcammp.png Graphic file (type png)
<use ../../../template/logo/nurcammp.png>
Package pdftex.def Info: ../../../template/logo/nurcammp.png  used on input lin
e 92.
(pdftex.def)             Requested size: 10.56543pt x 10.61996pt.
 [9

]
LaTeX Font Info:    Font shape `OML/phv/m/it' in size <12> not available
(Font)              Font shape `OML/cmm/m/it' tried instead on input line 118.
LaTeX Font Info:    Font shape `OML/phv/m/it' in size <8> not available
(Font)              Font shape `OML/cmm/m/it' tried instead on input line 118.
LaTeX Font Info:    Font shape `OML/phv/m/it' in size <6> not available
(Font)              Font shape `OML/cmm/m/it' tried instead on input line 118.
LaTeX Font Info:    Font shape `T1/aess/m/it' in size <12> not available
(Font)              Font shape `T1/aess/m/sl' tried instead on input line 118.
LaTeX Font Info:    Font shape `T1/aess/m/it' in size <8> not available
(Font)              Font shape `T1/aess/m/sl' tried instead on input line 118.
LaTeX Font Info:    Font shape `T1/aess/m/it' in size <6> not available
(Font)              Font shape `T1/aess/m/sl' tried instead on input line 118.
File: ../../../template/logo/nurcammp.png Graphic file (type png)
<use ../../../template/logo/nurcammp.png>
Package pdftex.def Info: ../../../template/logo/nurcammp.png  used on input lin
e 118.
(pdftex.def)             Requested size: 10.56543pt x 10.61996pt.
 [10

]
File: ../../../template/logo/nurcammp.png Graphic file (type png)
<use ../../../template/logo/nurcammp.png>
Package pdftex.def Info: ../../../template/logo/nurcammp.png  used on input lin
e 118.
(pdftex.def)             Requested size: 10.56543pt x 10.61996pt.
 [11

]
File: ../../../template/logo/nurcammp.png Graphic file (type png)
<use ../../../template/logo/nurcammp.png>
Package pdftex.def Info: ../../../template/logo/nurcammp.png  used on input lin
e 118.
(pdftex.def)             Requested size: 10.56543pt x 10.61996pt.

[12

]
File: ../../../template/logo/nurcammp.png Graphic file (type png)
<use ../../../template/logo/nurcammp.png>
Package pdftex.def Info: ../../../template/logo/nurcammp.png  used on input lin
e 118.
(pdftex.def)             Requested size: 10.56543pt x 10.61996pt.
 [13

]
File: ../../../template/logo/nurcammp.png Graphic file (type png)
<use ../../../template/logo/nurcammp.png>
Package pdftex.def Info: ../../../template/logo/nurcammp.png  used on input lin
e 118.
(pdftex.def)             Requested size: 10.56543pt x 10.61996pt.
 [14

]
File: ../../../template/logo/nurcammp.png Graphic file (type png)
<use ../../../template/logo/nurcammp.png>
Package pdftex.def Info: ../../../template/logo/nurcammp.png  used on input lin
e 118.
(pdftex.def)             Requested size: 10.56543pt x 10.61996pt.
 [15

]
File: ../../../template/logo/nurcammp.png Graphic file (type png)
<use ../../../template/logo/nurcammp.png>
Package pdftex.def Info: ../../../template/logo/nurcammp.png  used on input lin
e 118.
(pdftex.def)             Requested size: 10.56543pt x 10.61996pt.
 [16

]
File: ../../../template/logo/nurcammp.png Graphic file (type png)
<use ../../../template/logo/nurcammp.png>
Package pdftex.def Info: ../../../template/logo/nurcammp.png  used on input lin
e 118.
(pdftex.def)             Requested size: 10.56543pt x 10.61996pt.
 [17

]
File: ../../../template/logo/nurcammp.png Graphic file (type png)
<use ../../../template/logo/nurcammp.png>
Package pdftex.def Info: ../../../template/logo/nurcammp.png  used on input lin
e 151.
(pdftex.def)             Requested size: 10.56543pt x 10.61996pt.
 [18

]
File: ../../../template/logo/nurcammp.png Graphic file (type png)
<use ../../../template/logo/nurcammp.png>
Package pdftex.def Info: ../../../template/logo/nurcammp.png  used on input lin
e 151.
(pdftex.def)             Requested size: 10.56543pt x 10.61996pt.
 [19

]
Overfull \hbox (26.60576pt too wide) in paragraph at lines 207--207
[] 
 []

File: ../../../template/logo/nurcammp.png Graphic file (type png)
<use ../../../template/logo/nurcammp.png>
Package pdftex.def Info: ../../../template/logo/nurcammp.png  used on input lin
e 207.
(pdftex.def)             Requested size: 10.56543pt x 10.61996pt.
[20

]
Overfull \hbox (26.60576pt too wide) in paragraph at lines 207--207
[] 
 []

File: ../../../template/logo/nurcammp.png Graphic file (type png)
<use ../../../template/logo/nurcammp.png>
Package pdftex.def Info: ../../../template/logo/nurcammp.png  used on input lin
e 207.
(pdftex.def)             Requested size: 10.56543pt x 10.61996pt.
[21

]
Overfull \hbox (26.60576pt too wide) in paragraph at lines 207--207
[] 
 []

File: ../../../template/logo/nurcammp.png Graphic file (type png)
<use ../../../template/logo/nurcammp.png>
Package pdftex.def Info: ../../../template/logo/nurcammp.png  used on input lin
e 207.
(pdftex.def)             Requested size: 10.56543pt x 10.61996pt.
[22

]
File: ../../../template/logo/nurcammp.png Graphic file (type png)
<use ../../../template/logo/nurcammp.png>
Package pdftex.def Info: ../../../template/logo/nurcammp.png  used on input lin
e 243.
(pdftex.def)             Requested size: 10.56543pt x 10.61996pt.
 [23

]
Missing character: There is no ; in font nullfont!
File: ../../../template/logo/nurcammp.png Graphic file (type png)
<use ../../../template/logo/nurcammp.png>
Package pdftex.def Info: ../../../template/logo/nurcammp.png  used on input lin
e 264.
(pdftex.def)             Requested size: 10.56543pt x 10.61996pt.
[24

]
File: ../../../template/logo/nurcammp.png Graphic file (type png)
<use ../../../template/logo/nurcammp.png>
Package pdftex.def Info: ../../../template/logo/nurcammp.png  used on input lin
e 290.
(pdftex.def)             Requested size: 10.56543pt x 10.61996pt.
 [25

]
\openout4 = `presentation.vrb'.

 (./presentation.vrb
Missing character: There is no / in font nullfont!
Missing character: There is no p in font nullfont!
Missing character: There is no g in font nullfont!
Missing character: There is no f in font nullfont!
Missing character: There is no p in font nullfont!
Missing character: There is no l in font nullfont!
Missing character: There is no o in font nullfont!
Missing character: There is no t in font nullfont!
Missing character: There is no s in font nullfont!
Missing character: There is no / in font nullfont!
Missing character: There is no s in font nullfont!
Missing character: There is no e in font nullfont!
Missing character: There is no t in font nullfont!
Missing character: There is no p in font nullfont!
Missing character: There is no o in font nullfont!
Missing character: There is no i in font nullfont!
Missing character: There is no n in font nullfont!
Missing character: There is no t in font nullfont!
Missing character: There is no m in font nullfont!
Missing character: There is no e in font nullfont!
Missing character: There is no t in font nullfont!
Missing character: There is no a in font nullfont!
Missing character: There is no i in font nullfont!
Missing character: There is no f in font nullfont!
Missing character: There is no e in font nullfont!
Missing character: There is no m in font nullfont!
Missing character: There is no p in font nullfont!
Missing character: There is no t in font nullfont!
Missing character: There is no y in font nullfont!
Missing character: There is no = in font nullfont!
Missing character: There is no f in font nullfont!
Missing character: There is no ( in font nullfont!
Missing character: There is no x in font nullfont!
Missing character: There is no ) in font nullfont!
Missing character: There is no , in font nullfont!
)
File: ../../../template/logo/nurcammp.png Graphic file (type png)
<use ../../../template/logo/nurcammp.png>
Package pdftex.def Info: ../../../template/logo/nurcammp.png  used on input lin
e 323.
(pdftex.def)             Requested size: 10.56543pt x 10.61996pt.
 [26

]
Overfull \hbox (7.3497pt too wide) in paragraph at lines 374--374
[][]  
 []

File: ../../../template/logo/nurcammp.png Graphic file (type png)
<use ../../../template/logo/nurcammp.png>
Package pdftex.def Info: ../../../template/logo/nurcammp.png  used on input lin
e 374.
(pdftex.def)             Requested size: 10.56543pt x 10.61996pt.
[27

]
File: ../figs/z_supercomputer.png Graphic file (type png)
<use ../figs/z_supercomputer.png>
Package pdftex.def Info: ../figs/z_supercomputer.png  used on input line 386.
(pdftex.def)             Requested size: 215.10196pt x 127.32602pt.
File: ../../../template/logo/nurcammp.png Graphic file (type png)
<use ../../../template/logo/nurcammp.png>
Package pdftex.def Info: ../../../template/logo/nurcammp.png  used on input lin
e 386.
(pdftex.def)             Requested size: 10.56543pt x 10.61996pt.
 [28

]
<../figs/z_jtl.png, id=209, 202.7575pt x 51.19125pt>
File: ../figs/z_jtl.png Graphic file (type png)
<use ../figs/z_jtl.png>
Package pdftex.def Info: ../figs/z_jtl.png  used on input line 395.
(pdftex.def)             Requested size: 138.2795pt x 34.91269pt.
File: ../../../template/logo/nurcammp.png Graphic file (type png)
<use ../../../template/logo/nurcammp.png>
Package pdftex.def Info: ../../../template/logo/nurcammp.png  used on input lin
e 395.
(pdftex.def)             Requested size: 10.56543pt x 10.61996pt.
 [29

 <../figs/z_jtl.png>]
\tf@nav=\write6
\openout6 = `presentation.nav'.

\tf@toc=\write7
\openout7 = `presentation.toc'.

\tf@snm=\write8
\openout8 = `presentation.snm'.

 (./presentation.aux)
Package rerunfilecheck Info: File `presentation.out' has not changed.
(rerunfilecheck)             Checksum: D41D8CD98F00B204E9800998ECF8427E;0.
 ) 
Here is how much of TeX's memory you used:
 40902 strings out of 478268
 995398 string characters out of 5846347
 1522047 words of memory out of 5000000
 58203 multiletter control sequences out of 15000+600000
 523057 words of font info for 128 fonts, out of 8000000 for 9000
 1141 hyphenation exceptions out of 8191
 143i,18n,138p,750b,2309s stack positions out of 10000i,1000n,20000p,200000b,200000s
</usr/local/texlive/2022/texmf-dist/fonts/type1/public/amsfonts/cm/cmbsy10.pf
b></usr/local/texlive/2022/texmf-dist/fonts/type1/public/amsfonts/cm/cmex10.pfb
></usr/local/texlive/2022/texmf-dist/fonts/type1/public/amsfonts/cm/cmmi10.pfb>
</usr/local/texlive/2022/texmf-dist/fonts/type1/public/amsfonts/cm/cmss10.pfb><
/usr/local/texlive/2022/texmf-dist/fonts/type1/public/amsfonts/cm/cmss12.pfb></
usr/local/texlive/2022/texmf-dist/fonts/type1/public/amsfonts/cm/cmss8.pfb></us
r/local/texlive/2022/texmf-dist/fonts/type1/public/amsfonts/cm/cmssbx10.pfb></u
sr/local/texlive/2022/texmf-dist/fonts/type1/public/amsfonts/cm/cmssi10.pfb></u
sr/local/texlive/2022/texmf-dist/fonts/type1/public/amsfonts/cm/cmssi8.pfb></us
r/local/texlive/2022/texmf-dist/fonts/type1/public/amsfonts/cm/cmsy10.pfb></usr
/local/texlive/2022/texmf-dist/fonts/type1/public/amsfonts/cm/cmsy8.pfb></usr/l
ocal/texlive/2022/texmf-dist/fonts/type1/public/amsfonts/cm/cmtt10.pfb>
Output written on presentation.pdf (29 pages, 677593 bytes).
PDF statistics:
 283 PDF objects out of 1000 (max. 8388607)
 192 compressed objects within 2 object streams
 59 named destinations out of 1000 (max. 500000)
 193 words of extra memory for PDF output out of 10000 (max. 10000000)

